| 2         | -0.05008  | 81        | 29        | 8         | 19        |
| 3         | 0.1208    | 84        | 11        | 5         | 8         |
| 4         | 0.07027   | 161       | 3         | 3         | 12        |
| 5         | -0.046    | 167       | 6         | 3         | 1         |
| 6         | -0.04197  | 67        | 22        | 13        | 17        |
| 7         | -0.019    | 68        | 10        | 17        | 15        |
| 8         | -0.04815  | 199       | 30        | 16        | 19        |
| 9         | 0.1391    | 117       | 23        | 4         | 5         |
| 10        | 0.1364    | 60        | 7         | 10        | 7         |
| 11        | -0.04875  | 27        | 4         | 15        | 18        |
| 12        | -0.04458  | 18        | 26        | 3         | 20        |
| 13        | 0.06515   | 101       | 15        | 8         | 12        |
| 14        | 0.04338   | 17        | 15        | 4         | 14        |
| 15        | 0.1162    | 90        | 4         | 19        | 8         |
| 16        | 0.1333    | 91        | 8         | 9         | 3         |
| 17        | 0.09475   | 69        | 4         | 5         | 2         |
| 18        | 0.1408    | 118       | 24        | 4         | 6         |
| 19        | 0.08911   | 51        | 5         | 4         | 1         |
| 20        | 0.1226    | 129       | 15        | 4         | 3         |
| 21        | 0.1506    | 131       | 28        | 14        | 2         |
| 22        | -0.04858  | 136       | 29        | 11        | 17        |
| 23        | -0.004442 | 121       | 27        | 18        | 1         |
| 24        | -0.0129   | 131       | 26        | 7         | 1         |
| 25        | 0.1141    | 87        | 7         | 9         | 8         |
| 26        | 0.1494    | 134       | 24        | 17        | 4         |
| 27        | 0.128     | 133       | 30        | 17        | 5         |
| 28        | 0.1078    | 119       | 16        | 3         | 9         |
| 29        | -0.1067   | 85        | 12        | 15        | 1         |
| 30        | 0.1598    | 90        | 9         | 2         | 5         |
| 31        | 0.1235    | 93        | 3         | 4         | 5         |
| 32        | 0.07337   | 92        | 10        | 5         | 11        |
| 33        | -0.07916  | 85        | 6         | 2         | 1         |
| 34        | 0.1362    | 96        | 9         | 4         | 5         |
| 35        | 0.1408    | 96        | 4         | 10        | 7         |
| 36        | 0.1572    | 92        | 14        | 3         | 3         |
| 37        | -0.08047  | 131       | 26        | 20        | 1         |
| 38        | 0.1451    | 137       | 27        | 14        | 2         |
| 39        | 0.1304    | 135       | 23        | 14        | 6         |
| 40        | 0.1865    | 98        | 6         | 9         | 2         |
| 41        | 0.181     | 102       | 4         | 10        | 3         |
| 42        | 0.02833   | 99        | 1         | 14        | 3         |
| 43        | -0.04496  | 103       | 7         | 6         | 1         |
| 44        | 0.1818    | 96        | 9         | 8         | 5         |
| 45        | 0.1833    | 99        | 6         | 12        | 4         |
| 46        | 0.1243    | 102       | 6         | 9         | 8         |
| 47        | 0.1617    | 97        | 10        | 13        | 6         |
| 48        | 0.1862    | 98        | 10        | 11        | 2         |
| 49        | 0.1455    | 103       | 9         | 15        | 5         |
| 50        | 0.1565    | 95        | 13        | 8         | 2         |
=========================================================================
Оптимизация модели CatBoostRegressor
|   iter    |  target   | iterat... | learni... |   depth   | l2_lea... |
-------------------------------------------------------------------------
| 1         | 0.1523    | 152       | 0.2409974 | 8         | 18.361096 |
| 2         | 0.1509    | 152       | 0.1392914 | 7         | 2.6844247 |
| 3         | 0.1817    | 137       | 0.1067754 | 8         | 21.534104 |
| 4         | 0.1554    | 199       | 0.0263593 | 8         | 25.140836 |
| 5         | 0.0442    | 87        | 0.0102258 | 5         | 18.906963 |
| 6         | 0.1994    | 107       | 0.1621793 | 9         | 9.4456450 |
| 7         | 0.1408    | 108       | 0.1259596 | 3         | 12.091397 |
| 8         | 0.02049   | 293       | 0.1818002 | 3         | 25.938271 |
| 9         | 0.07856   | 184       | 0.0594519 | 7         | 1.3846838 |
| 10        | -0.02489  | 138       | 0.2900332 | 2         | 12.177078 |
| 11        | 0.2314    | 139       | 0.0383249 | 4         | 7.9897385 |
| 12        | 0.14      | 237       | 0.0453910 | 8         | 1.9972671 |
| 13        | 0.08542   | 255       | 0.1234075 | 2         | 20.213146 |
| 14        | 0.1778    | 51        | 0.1332952 | 6         | 16.854598 |
| 15        | 0.1127    | 103       | 0.0190808 | 2         | 23.478851 |
| 16        | 0.1987    | 264       | 0.0565721 | 8         | 22.127735 |
| 17        | 0.1937    | 54        | 0.2172424 | 4         | 29.039361 |
| 18        | 0.1206    | 253       | 0.0372495 | 1         | 29.543027 |
| 19        | 0.2202    | 108       | 0.0923059 | 3         | 11.871742 |
| 20        | -0.04786  | 295       | 0.2030199 | 3         | 22.206942 |
| 21        | 0.07304   | 51        | 0.0277971 | 6         | 17.128120 |
| 22        | 0.1985    | 139       | 0.0557766 | 4         | 7.8751934 |
| 23        | 0.04674   | 139       | 0.1581122 | 4         | 8.2686539 |
| 24        | 0.1968    | 174       | 0.0118017 | 4         | 4.4236910 |
| 25        | 0.1828    | 107       | 0.1888790 | 8         | 9.4828662 |
| 26        | 0.1165    | 152       | 0.1919975 | 7         | 2.4341065 |
| 27        | 0.1943    | 107       | 0.0374098 | 8         | 9.3627541 |
| 28        | 0.1833    | 152       | 0.0405342 | 8         | 18.178645 |
| 29        | 0.08411   | 137       | 0.2765319 | 8         | 21.544593 |
| 30        | 0.06284   | 261       | 0.0663438 | 1         | 20.223029 |
| 31        | 0.01181   | 287       | 0.2139268 | 6         | 1.8888087 |
| 32        | 0.07462   | 235       | 0.2984503 | 8         | 27.790941 |
| 33        | 0.1435    | 279       | 0.2567264 | 10        | 26.177338 |
| 34        | 0.1701    | 137       | 0.1527754 | 8         | 21.575318 |
| 35        | 0.1899    | 137       | 0.0835221 | 8         | 22.355301 |
| 36        | -0.03779  | 187       | 0.1031944 | 3         | 3.3764911 |
| 37        | 0.2051    | 152       | 0.0981323 | 8         | 17.927444 |
| 38        | 0.1172    | 51        | 0.0420083 | 6         | 16.571381 |
| 39        | -0.04637  | 108       | 0.2469871 | 3         | 11.720776 |
| 40        | 0.08981   | 292       | 0.0823239 | 5         | 18.669672 |
| 41        | 0.1212    | 107       | 0.2293430 | 8         | 10.256866 |
| 42        | 0.1519    | 107       | 0.0223502 | 8         | 9.9883886 |
| 43        | 0.1864    | 152       | 0.0560797 | 9         | 17.945952 |
| 44        | 0.1513    | 152       | 0.1733096 | 8         | 18.005812 |
| 45        | 0.1795    | 297       | 0.0346338 | 7         | 29.126277 |
| 46        | 0.1669    | 173       | 0.2743844 | 6         | 23.292949 |
| 47        | 0.05697   | 103       | 0.1925750 | 6         | 9.1768400 |
| 48        | 0.1548    | 139       | 0.0689613 | 4         | 7.1483737 |
| 49        | 0.2127    | 152       | 0.0148807 | 7         | 2.7977279 |
| 50        | 0.1348    | 264       | 0.0131387 | 8         | 21.752173 |
=========================================================================
                           Model                                                                                                                   Parameters  Mean CV R2 Score  Test R2 Score
0                       NWScikit                              {'batch_size': 68, 'epoch_n': 138, 'n_neurons': 78, 'n_layers': 2, 'lr': 9.390826414926974e-05}          0.130261      -0.224692
1  HistGradientBoostingRegressor        {'learning_rate': 0.11427892727667563, 'max_iter': 15, 'max_leaf_nodes': 16, 'max_depth': 23, 'min_samples_leaf': 10}          0.241280       0.006557
2                   XGBRegressor                              {'n_estimators': 176, 'learning_rate': 0.004966223386800092, 'max_depth': 25, 'max_leaves': 28}          0.046484       0.073528
3      GradientBoostingRegressor  {'n_estimators': 27, 'learning_rate': 0.061722710425231704, 'max_depth': 14, 'min_samples_split': 3, 'min_samples_leaf': 6}          0.236555       0.053934
4            ExtraTreesRegressor                                         {'n_estimators': 68, 'max_depth': 24, 'min_samples_split': 6, 'min_samples_leaf': 5}          0.255974       0.057143
5          RandomForestRegressor                                          {'n_estimators': 98, 'max_depth': 6, 'min_samples_split': 9, 'min_samples_leaf': 2}          0.186464       0.061042
6              CatBoostRegressor                       {'iterations': 139, 'learning_rate': 0.03832491306185132, 'depth': 4, 'l2_leaf_reg': 7.98973851475434}          0.231379       0.001609

Model NWScikit found maximum 17.699260711669922 with parameters {'Pc': 4.0, 'U': 80.7559775612118, 't': 5.0, 'L': 8.486855909652501, 'B': 8.13654759221878}
Model HistGradientBoostingRegressor found maximum 8.515851575128782 with parameters {'Pc': 4.0, 'U': 87.7475240697166, 't': 5.0, 'L': 12.077552091683412, 'B': 8.157701584427912}
Model XGBRegressor found maximum 9.473450660705566 with parameters {'Pc': 4.0, 'U': 90.70153578657482, 't': 3.0, 'L': 8.54864242344191, 'B': 9.499649008870561}
Model GradientBoostingRegressor found maximum 10.065867935444597 with parameters {'Pc': 4.0, 'U': 79.46652319277075, 't': 5.0, 'L': 9.97522020546181, 'B': 11.09035275364859}
Model ExtraTreesRegressor found maximum 9.695966386554625 with parameters {'Pc': 4.0, 'U': 99.88845507121897, 't': 5.0, 'L': 12.510025018749417, 'B': 10.147993808378935}
Model RandomForestRegressor found maximum 10.24580624392614 with parameters {'Pc': 4.0, 'U': 88.94429022313788, 't': 5.0, 'L': 9.22197956650047, 'B': 8.432085317391072}
Model CatBoostRegressor found maximum 10.550680190149475 with parameters {'Pc': 4.0, 'U': 65.50640635922917, 't': 5.0, 'L': 9.514703867571026, 'B': 14.321160450437183}

Process finished with exit code 0
